<?xml version="1.0" encoding="UTF-8"?>
<!-- Generated by org.testng.reporters.JUnitReportReporter -->
<testsuite ignored="0" hostname="DESKTOP-OF1IT6T" failures="0" tests="1" name="GCC.TestCases.Login_TC_001" time="13.803" errors="0" timestamp="05 Aug 2020 16:17:46 GMT" skipped="0">
  <testcase classname="GCC.TestCases.Login_TC_001" name="login" time="13.803"/>
</testsuite> <!-- GCC.TestCases.Login_TC_001 -->
